{"C:\\Users\\Acer\\OneDrive - Softwarica College\\Desktop\\ALL\\sem 5\\t1-backend-web-api-BibhushaSapkota\\app.js": {"path":"C:\\Users\\Acer\\OneDrive - Softwarica College\\Desktop\\ALL\\sem 5\\t1-backend-web-api-BibhushaSapkota\\app.js","statementMap":{"0":{"start":{"line":1,"column":0},"end":{"line":1,"column":26}},"1":{"start":{"line":2,"column":16},"end":{"line":2,"column":34}},"2":{"start":{"line":3,"column":13},"end":{"line":3,"column":28}},"3":{"start":{"line":4,"column":17},"end":{"line":4,"column":36}},"4":{"start":{"line":5,"column":13},"end":{"line":5,"column":28}},"5":{"start":{"line":6,"column":20},"end":{"line":6,"column":51}},"6":{"start":{"line":7,"column":24},"end":{"line":7,"column":59}},"7":{"start":{"line":8,"column":23},"end":{"line":8,"column":57}},"8":{"start":{"line":9,"column":18},"end":{"line":9,"column":49}},"9":{"start":{"line":10,"column":19},"end":{"line":10,"column":51}},"10":{"start":{"line":11,"column":21},"end":{"line":11,"column":55}},"11":{"start":{"line":13,"column":12},"end":{"line":13,"column":21}},"12":{"start":{"line":14,"column":0},"end":{"line":14,"column":15}},"13":{"start":{"line":16,"column":15},"end":{"line":18,"column":24}},"14":{"start":{"line":19,"column":0},"end":{"line":19,"column":19}},"15":{"start":{"line":21,"column":0},"end":{"line":25,"column":39}},"16":{"start":{"line":23,"column":8},"end":{"line":23,"column":50}},"17":{"start":{"line":25,"column":22},"end":{"line":25,"column":38}},"18":{"start":{"line":29,"column":0},"end":{"line":32,"column":2}},"19":{"start":{"line":30,"column":4},"end":{"line":30,"column":44}},"20":{"start":{"line":31,"column":4},"end":{"line":31,"column":10}},"21":{"start":{"line":34,"column":0},"end":{"line":37,"column":2}},"22":{"start":{"line":40,"column":0},"end":{"line":42,"column":2}},"23":{"start":{"line":41,"column":4},"end":{"line":41,"column":61}},"24":{"start":{"line":45,"column":0},"end":{"line":45,"column":23}},"25":{"start":{"line":48,"column":0},"end":{"line":48,"column":30}},"26":{"start":{"line":50,"column":0},"end":{"line":50,"column":37}},"27":{"start":{"line":51,"column":0},"end":{"line":51,"column":36}},"28":{"start":{"line":52,"column":0},"end":{"line":52,"column":28}},"29":{"start":{"line":53,"column":0},"end":{"line":53,"column":30}},"30":{"start":{"line":54,"column":0},"end":{"line":54,"column":34}},"31":{"start":{"line":59,"column":0},"end":{"line":63,"column":2}},"32":{"start":{"line":60,"column":4},"end":{"line":60,"column":26}},"33":{"start":{"line":61,"column":4},"end":{"line":61,"column":46}},"34":{"start":{"line":61,"column":31},"end":{"line":61,"column":46}},"35":{"start":{"line":62,"column":4},"end":{"line":62,"column":36}},"36":{"start":{"line":65,"column":0},"end":{"line":65,"column":20}}},"fnMap":{"0":{"name":"(anonymous_0)","decl":{"start":{"line":22,"column":10},"end":{"line":22,"column":11}},"loc":{"start":{"line":22,"column":16},"end":{"line":25,"column":5}},"line":22},"1":{"name":"(anonymous_1)","decl":{"start":{"line":25,"column":13},"end":{"line":25,"column":14}},"loc":{"start":{"line":25,"column":22},"end":{"line":25,"column":38}},"line":25},"2":{"name":"(anonymous_2)","decl":{"start":{"line":29,"column":8},"end":{"line":29,"column":9}},"loc":{"start":{"line":29,"column":28},"end":{"line":32,"column":1}},"line":29},"3":{"name":"(anonymous_3)","decl":{"start":{"line":40,"column":29},"end":{"line":40,"column":30}},"loc":{"start":{"line":40,"column":43},"end":{"line":42,"column":1}},"line":40},"4":{"name":"(anonymous_4)","decl":{"start":{"line":59,"column":8},"end":{"line":59,"column":9}},"loc":{"start":{"line":59,"column":33},"end":{"line":63,"column":1}},"line":59}},"branchMap":{"0":{"loc":{"start":{"line":16,"column":15},"end":{"line":18,"column":24}},"type":"cond-expr","locations":[{"start":{"line":17,"column":6},"end":{"line":17,"column":29}},{"start":{"line":18,"column":6},"end":{"line":18,"column":24}}],"line":16},"1":{"loc":{"start":{"line":61,"column":4},"end":{"line":61,"column":46}},"type":"if","locations":[{"start":{"line":61,"column":4},"end":{"line":61,"column":46}},{"start":{},"end":{}}],"line":61}},"s":{"0":1,"1":1,"2":1,"3":1,"4":1,"5":1,"6":1,"7":1,"8":1,"9":1,"10":1,"11":1,"12":1,"13":1,"14":1,"15":1,"16":1,"17":0,"18":1,"19":6,"20":6,"21":1,"22":1,"23":0,"24":1,"25":1,"26":1,"27":1,"28":1,"29":1,"30":1,"31":1,"32":0,"33":0,"34":0,"35":0,"36":1},"f":{"0":1,"1":0,"2":6,"3":0,"4":0},"b":{"0":[1,0],"1":[0,0]},"_coverageSchema":"1a1c01bbd47fc00a2c39e90264f33305004495a9","hash":"7d7e6fa76814ae170531790ad1b9f27ec58b4367"}
,"C:\\Users\\Acer\\OneDrive - Softwarica College\\Desktop\\ALL\\sem 5\\t1-backend-web-api-BibhushaSapkota\\controller\\address_controller.js": {"path":"C:\\Users\\Acer\\OneDrive - Softwarica College\\Desktop\\ALL\\sem 5\\t1-backend-web-api-BibhushaSapkota\\controller\\address_controller.js","statementMap":{"0":{"start":{"line":1,"column":16},"end":{"line":1,"column":44}},"1":{"start":{"line":2,"column":12},"end":{"line":2,"column":37}},"2":{"start":{"line":4,"column":23},"end":{"line":14,"column":1}},"3":{"start":{"line":5,"column":4},"end":{"line":13,"column":36}},"4":{"start":{"line":8,"column":12},"end":{"line":12,"column":15}},"5":{"start":{"line":13,"column":26},"end":{"line":13,"column":35}},"6":{"start":{"line":16,"column":22},"end":{"line":34,"column":1}},"7":{"start":{"line":17,"column":18},"end":{"line":20,"column":5}},"8":{"start":{"line":21,"column":4},"end":{"line":33,"column":18}},"9":{"start":{"line":22,"column":8},"end":{"line":31,"column":22}},"10":{"start":{"line":24,"column":23},"end":{"line":29,"column":13}},"11":{"start":{"line":36,"column":22},"end":{"line":41,"column":1}},"12":{"start":{"line":37,"column":4},"end":{"line":40,"column":29}},"13":{"start":{"line":39,"column":12},"end":{"line":39,"column":27}},"14":{"start":{"line":43,"column":22},"end":{"line":52,"column":1}},"15":{"start":{"line":44,"column":4},"end":{"line":51,"column":21}},"16":{"start":{"line":46,"column":12},"end":{"line":49,"column":14}},"17":{"start":{"line":54,"column":0},"end":{"line":59,"column":1}}},"fnMap":{"0":{"name":"(anonymous_0)","decl":{"start":{"line":4,"column":23},"end":{"line":4,"column":24}},"loc":{"start":{"line":4,"column":43},"end":{"line":14,"column":1}},"line":4},"1":{"name":"(anonymous_1)","decl":{"start":{"line":7,"column":14},"end":{"line":7,"column":15}},"loc":{"start":{"line":7,"column":24},"end":{"line":13,"column":9}},"line":7},"2":{"name":"(anonymous_2)","decl":{"start":{"line":13,"column":17},"end":{"line":13,"column":18}},"loc":{"start":{"line":13,"column":26},"end":{"line":13,"column":35}},"line":13},"3":{"name":"(anonymous_3)","decl":{"start":{"line":16,"column":22},"end":{"line":16,"column":23}},"loc":{"start":{"line":16,"column":42},"end":{"line":34,"column":1}},"line":16},"4":{"name":"(anonymous_4)","decl":{"start":{"line":21,"column":33},"end":{"line":21,"column":34}},"loc":{"start":{"line":21,"column":44},"end":{"line":33,"column":5}},"line":21},"5":{"name":"(anonymous_5)","decl":{"start":{"line":24,"column":16},"end":{"line":24,"column":17}},"loc":{"start":{"line":24,"column":22},"end":{"line":31,"column":9}},"line":24},"6":{"name":"(anonymous_6)","decl":{"start":{"line":36,"column":22},"end":{"line":36,"column":23}},"loc":{"start":{"line":36,"column":36},"end":{"line":41,"column":1}},"line":36},"7":{"name":"(anonymous_7)","decl":{"start":{"line":38,"column":14},"end":{"line":38,"column":15}},"loc":{"start":{"line":38,"column":25},"end":{"line":40,"column":9}},"line":38},"8":{"name":"(anonymous_8)","decl":{"start":{"line":43,"column":22},"end":{"line":43,"column":23}},"loc":{"start":{"line":43,"column":42},"end":{"line":52,"column":1}},"line":43},"9":{"name":"(anonymous_9)","decl":{"start":{"line":45,"column":14},"end":{"line":45,"column":15}},"loc":{"start":{"line":45,"column":27},"end":{"line":50,"column":9}},"line":45}},"branchMap":{},"s":{"0":1,"1":1,"2":1,"3":0,"4":0,"5":0,"6":1,"7":0,"8":0,"9":0,"10":0,"11":1,"12":0,"13":0,"14":1,"15":0,"16":0,"17":1},"f":{"0":0,"1":0,"2":0,"3":0,"4":0,"5":0,"6":0,"7":0,"8":0,"9":0},"b":{},"_coverageSchema":"1a1c01bbd47fc00a2c39e90264f33305004495a9","hash":"5d319b8a28a13959bf364bf577d0c5562b0cc965"}
,"C:\\Users\\Acer\\OneDrive - Softwarica College\\Desktop\\ALL\\sem 5\\t1-backend-web-api-BibhushaSapkota\\controller\\carts_controller.js": {"path":"C:\\Users\\Acer\\OneDrive - Softwarica College\\Desktop\\ALL\\sem 5\\t1-backend-web-api-BibhushaSapkota\\controller\\carts_controller.js","statementMap":{"0":{"start":{"line":1,"column":13},"end":{"line":1,"column":38}},"1":{"start":{"line":2,"column":13},"end":{"line":2,"column":38}},"2":{"start":{"line":4,"column":17},"end":{"line":30,"column":1}},"3":{"start":{"line":5,"column":4},"end":{"line":29,"column":5}},"4":{"start":{"line":6,"column":42},"end":{"line":6,"column":50}},"5":{"start":{"line":7,"column":6},"end":{"line":23,"column":9}},"6":{"start":{"line":10,"column":10},"end":{"line":15,"column":12}},"7":{"start":{"line":16,"column":10},"end":{"line":22,"column":12}},"8":{"start":{"line":17,"column":12},"end":{"line":21,"column":15}},"9":{"start":{"line":26,"column":8},"end":{"line":28,"column":10}},"10":{"start":{"line":31,"column":17},"end":{"line":53,"column":1}},"11":{"start":{"line":32,"column":2},"end":{"line":52,"column":3}},"12":{"start":{"line":33,"column":22},"end":{"line":33,"column":35}},"13":{"start":{"line":34,"column":19},"end":{"line":34,"column":36}},"14":{"start":{"line":35,"column":4},"end":{"line":35,"column":35}},"15":{"start":{"line":36,"column":21},"end":{"line":36,"column":107}},"16":{"start":{"line":37,"column":4},"end":{"line":47,"column":5}},"17":{"start":{"line":38,"column":6},"end":{"line":41,"column":9}},"18":{"start":{"line":43,"column":6},"end":{"line":46,"column":9}},"19":{"start":{"line":49,"column":4},"end":{"line":51,"column":7}},"20":{"start":{"line":55,"column":19},"end":{"line":72,"column":1}},"21":{"start":{"line":56,"column":4},"end":{"line":71,"column":5}},"22":{"start":{"line":57,"column":26},"end":{"line":57,"column":39}},"23":{"start":{"line":58,"column":24},"end":{"line":58,"column":36}},"24":{"start":{"line":59,"column":24},"end":{"line":59,"column":106}},"25":{"start":{"line":61,"column":8},"end":{"line":66,"column":10}},"26":{"start":{"line":68,"column":8},"end":{"line":70,"column":10}},"27":{"start":{"line":75,"column":30},"end":{"line":87,"column":1}},"28":{"start":{"line":76,"column":1},"end":{"line":86,"column":4}},"29":{"start":{"line":79,"column":4},"end":{"line":81,"column":6}},"30":{"start":{"line":80,"column":6},"end":{"line":80,"column":19}},"31":{"start":{"line":82,"column":4},"end":{"line":85,"column":6}},"32":{"start":{"line":89,"column":21},"end":{"line":110,"column":1}},"33":{"start":{"line":90,"column":2},"end":{"line":109,"column":1}},"34":{"start":{"line":91,"column":4},"end":{"line":103,"column":6}},"35":{"start":{"line":96,"column":6},"end":{"line":96,"column":23}},"36":{"start":{"line":97,"column":6},"end":{"line":102,"column":8}},"37":{"start":{"line":106,"column":4},"end":{"line":108,"column":6}},"38":{"start":{"line":114,"column":16},"end":{"line":126,"column":1}},"39":{"start":{"line":116,"column":4},"end":{"line":125,"column":35}},"40":{"start":{"line":120,"column":10},"end":{"line":124,"column":13}},"41":{"start":{"line":125,"column":24},"end":{"line":125,"column":33}},"42":{"start":{"line":129,"column":0},"end":{"line":136,"column":1}}},"fnMap":{"0":{"name":"(anonymous_0)","decl":{"start":{"line":4,"column":17},"end":{"line":4,"column":18}},"loc":{"start":{"line":4,"column":46},"end":{"line":30,"column":1}},"line":4},"1":{"name":"(anonymous_1)","decl":{"start":{"line":8,"column":12},"end":{"line":8,"column":13}},"loc":{"start":{"line":9,"column":6},"end":{"line":23,"column":7}},"line":9},"2":{"name":"(anonymous_2)","decl":{"start":{"line":16,"column":27},"end":{"line":16,"column":28}},"loc":{"start":{"line":16,"column":37},"end":{"line":22,"column":11}},"line":16},"3":{"name":"(anonymous_3)","decl":{"start":{"line":31,"column":17},"end":{"line":31,"column":18}},"loc":{"start":{"line":31,"column":45},"end":{"line":53,"column":1}},"line":31},"4":{"name":"(anonymous_4)","decl":{"start":{"line":55,"column":19},"end":{"line":55,"column":20}},"loc":{"start":{"line":55,"column":45},"end":{"line":72,"column":1}},"line":55},"5":{"name":"(anonymous_5)","decl":{"start":{"line":75,"column":30},"end":{"line":75,"column":31}},"loc":{"start":{"line":75,"column":48},"end":{"line":87,"column":1}},"line":75},"6":{"name":"(anonymous_6)","decl":{"start":{"line":78,"column":8},"end":{"line":78,"column":9}},"loc":{"start":{"line":78,"column":16},"end":{"line":86,"column":3}},"line":78},"7":{"name":"(anonymous_7)","decl":{"start":{"line":79,"column":17},"end":{"line":79,"column":18}},"loc":{"start":{"line":79,"column":25},"end":{"line":81,"column":5}},"line":79},"8":{"name":"(anonymous_8)","decl":{"start":{"line":89,"column":21},"end":{"line":89,"column":22}},"loc":{"start":{"line":89,"column":38},"end":{"line":110,"column":1}},"line":89},"9":{"name":"(anonymous_9)","decl":{"start":{"line":95,"column":9},"end":{"line":95,"column":10}},"loc":{"start":{"line":95,"column":18},"end":{"line":103,"column":5}},"line":95},"10":{"name":"(anonymous_10)","decl":{"start":{"line":114,"column":16},"end":{"line":114,"column":17}},"loc":{"start":{"line":114,"column":36},"end":{"line":126,"column":1}},"line":114},"11":{"name":"(anonymous_11)","decl":{"start":{"line":119,"column":12},"end":{"line":119,"column":13}},"loc":{"start":{"line":119,"column":22},"end":{"line":125,"column":7}},"line":119},"12":{"name":"(anonymous_12)","decl":{"start":{"line":125,"column":15},"end":{"line":125,"column":16}},"loc":{"start":{"line":125,"column":24},"end":{"line":125,"column":33}},"line":125}},"branchMap":{"0":{"loc":{"start":{"line":37,"column":4},"end":{"line":47,"column":5}},"type":"if","locations":[{"start":{"line":37,"column":4},"end":{"line":47,"column":5}},{"start":{"line":42,"column":11},"end":{"line":47,"column":5}}],"line":37}},"s":{"0":1,"1":1,"2":1,"3":0,"4":0,"5":0,"6":0,"7":0,"8":0,"9":0,"10":1,"11":0,"12":0,"13":0,"14":0,"15":0,"16":0,"17":0,"18":0,"19":0,"20":1,"21":0,"22":0,"23":0,"24":0,"25":0,"26":0,"27":1,"28":0,"29":0,"30":0,"31":0,"32":1,"33":0,"34":0,"35":0,"36":0,"37":0,"38":1,"39":0,"40":0,"41":0,"42":1},"f":{"0":0,"1":0,"2":0,"3":0,"4":0,"5":0,"6":0,"7":0,"8":0,"9":0,"10":0,"11":0,"12":0},"b":{"0":[0,0]},"_coverageSchema":"1a1c01bbd47fc00a2c39e90264f33305004495a9","hash":"4371b006e15c6cf10eed546cc500e1860b909989"}
,"C:\\Users\\Acer\\OneDrive - Softwarica College\\Desktop\\ALL\\sem 5\\t1-backend-web-api-BibhushaSapkota\\controller\\categories_controller.js": {"path":"C:\\Users\\Acer\\OneDrive - Softwarica College\\Desktop\\ALL\\sem 5\\t1-backend-web-api-BibhushaSapkota\\controller\\categories_controller.js","statementMap":{"0":{"start":{"line":1,"column":17},"end":{"line":1,"column":46}},"1":{"start":{"line":3,"column":23},"end":{"line":13,"column":1}},"2":{"start":{"line":4,"column":4},"end":{"line":11,"column":36}},"3":{"start":{"line":6,"column":12},"end":{"line":10,"column":15}},"4":{"start":{"line":11,"column":26},"end":{"line":11,"column":35}},"5":{"start":{"line":14,"column":24},"end":{"line":23,"column":1}},"6":{"start":{"line":15,"column":4},"end":{"line":22,"column":36}},"7":{"start":{"line":17,"column":12},"end":{"line":21,"column":15}},"8":{"start":{"line":22,"column":26},"end":{"line":22,"column":35}},"9":{"start":{"line":26,"column":24},"end":{"line":32,"column":1}},"10":{"start":{"line":27,"column":4},"end":{"line":30,"column":29}},"11":{"start":{"line":29,"column":12},"end":{"line":29,"column":27}},"12":{"start":{"line":34,"column":22},"end":{"line":45,"column":1}},"13":{"start":{"line":35,"column":4},"end":{"line":43,"column":21}},"14":{"start":{"line":37,"column":12},"end":{"line":41,"column":15}},"15":{"start":{"line":46,"column":25},"end":{"line":53,"column":1}},"16":{"start":{"line":47,"column":4},"end":{"line":51,"column":21}},"17":{"start":{"line":49,"column":12},"end":{"line":49,"column":30}},"18":{"start":{"line":54,"column":25},"end":{"line":60,"column":1}},"19":{"start":{"line":55,"column":4},"end":{"line":58,"column":22}},"20":{"start":{"line":57,"column":12},"end":{"line":57,"column":27}},"21":{"start":{"line":62,"column":0},"end":{"line":70,"column":1}}},"fnMap":{"0":{"name":"(anonymous_0)","decl":{"start":{"line":3,"column":23},"end":{"line":3,"column":24}},"loc":{"start":{"line":3,"column":43},"end":{"line":13,"column":1}},"line":3},"1":{"name":"(anonymous_1)","decl":{"start":{"line":5,"column":14},"end":{"line":5,"column":15}},"loc":{"start":{"line":5,"column":28},"end":{"line":11,"column":9}},"line":5},"2":{"name":"(anonymous_2)","decl":{"start":{"line":11,"column":17},"end":{"line":11,"column":18}},"loc":{"start":{"line":11,"column":26},"end":{"line":11,"column":35}},"line":11},"3":{"name":"(anonymous_3)","decl":{"start":{"line":14,"column":24},"end":{"line":14,"column":25}},"loc":{"start":{"line":14,"column":40},"end":{"line":23,"column":1}},"line":14},"4":{"name":"(anonymous_4)","decl":{"start":{"line":16,"column":14},"end":{"line":16,"column":15}},"loc":{"start":{"line":16,"column":28},"end":{"line":22,"column":9}},"line":16},"5":{"name":"(anonymous_5)","decl":{"start":{"line":22,"column":17},"end":{"line":22,"column":18}},"loc":{"start":{"line":22,"column":26},"end":{"line":22,"column":35}},"line":22},"6":{"name":"(anonymous_6)","decl":{"start":{"line":26,"column":24},"end":{"line":26,"column":25}},"loc":{"start":{"line":26,"column":40},"end":{"line":32,"column":1}},"line":26},"7":{"name":"(anonymous_7)","decl":{"start":{"line":28,"column":14},"end":{"line":28,"column":15}},"loc":{"start":{"line":28,"column":25},"end":{"line":30,"column":9}},"line":28},"8":{"name":"(anonymous_8)","decl":{"start":{"line":34,"column":22},"end":{"line":34,"column":23}},"loc":{"start":{"line":34,"column":38},"end":{"line":45,"column":1}},"line":34},"9":{"name":"(anonymous_9)","decl":{"start":{"line":36,"column":14},"end":{"line":36,"column":15}},"loc":{"start":{"line":36,"column":28},"end":{"line":42,"column":9}},"line":36},"10":{"name":"(anonymous_10)","decl":{"start":{"line":46,"column":25},"end":{"line":46,"column":26}},"loc":{"start":{"line":46,"column":41},"end":{"line":53,"column":1}},"line":46},"11":{"name":"(anonymous_11)","decl":{"start":{"line":48,"column":14},"end":{"line":48,"column":15}},"loc":{"start":{"line":48,"column":28},"end":{"line":50,"column":9}},"line":48},"12":{"name":"(anonymous_12)","decl":{"start":{"line":54,"column":25},"end":{"line":54,"column":26}},"loc":{"start":{"line":54,"column":41},"end":{"line":60,"column":1}},"line":54},"13":{"name":"(anonymous_13)","decl":{"start":{"line":56,"column":14},"end":{"line":56,"column":15}},"loc":{"start":{"line":56,"column":23},"end":{"line":58,"column":9}},"line":56}},"branchMap":{},"s":{"0":1,"1":1,"2":1,"3":1,"4":0,"5":1,"6":0,"7":0,"8":0,"9":1,"10":0,"11":0,"12":1,"13":1,"14":1,"15":1,"16":0,"17":0,"18":1,"19":0,"20":0,"21":1},"f":{"0":1,"1":1,"2":0,"3":0,"4":0,"5":0,"6":0,"7":0,"8":1,"9":1,"10":0,"11":0,"12":0,"13":0},"b":{},"_coverageSchema":"1a1c01bbd47fc00a2c39e90264f33305004495a9","hash":"43c309d83dc6a90711b7fbbae8fa9d73fe03c250"}
,"C:\\Users\\Acer\\OneDrive - Softwarica College\\Desktop\\ALL\\sem 5\\t1-backend-web-api-BibhushaSapkota\\controller\\orders_controller.js": {"path":"C:\\Users\\Acer\\OneDrive - Softwarica College\\Desktop\\ALL\\sem 5\\t1-backend-web-api-BibhushaSapkota\\controller\\orders_controller.js","statementMap":{"0":{"start":{"line":1,"column":14},"end":{"line":1,"column":40}},"1":{"start":{"line":5,"column":19},"end":{"line":19,"column":1}},"2":{"start":{"line":6,"column":2},"end":{"line":17,"column":7}},"3":{"start":{"line":8,"column":6},"end":{"line":12,"column":9}},"4":{"start":{"line":14,"column":6},"end":{"line":16,"column":9}},"5":{"start":{"line":20,"column":22},"end":{"line":35,"column":1}},"6":{"start":{"line":21,"column":2},"end":{"line":34,"column":7}},"7":{"start":{"line":25,"column":6},"end":{"line":29,"column":9}},"8":{"start":{"line":31,"column":6},"end":{"line":33,"column":9}},"9":{"start":{"line":39,"column":18},"end":{"line":54,"column":1}},"10":{"start":{"line":40,"column":16},"end":{"line":42,"column":4}},"11":{"start":{"line":43,"column":2},"end":{"line":53,"column":5}},"12":{"start":{"line":44,"column":4},"end":{"line":48,"column":7}},"13":{"start":{"line":50,"column":4},"end":{"line":52,"column":7}},"14":{"start":{"line":56,"column":18},"end":{"line":74,"column":1}},"15":{"start":{"line":57,"column":2},"end":{"line":73,"column":5}},"16":{"start":{"line":58,"column":4},"end":{"line":68,"column":5}},"17":{"start":{"line":59,"column":6},"end":{"line":63,"column":9}},"18":{"start":{"line":65,"column":6},"end":{"line":67,"column":9}},"19":{"start":{"line":70,"column":4},"end":{"line":72,"column":7}},"20":{"start":{"line":76,"column":0},"end":{"line":76,"column":69}}},"fnMap":{"0":{"name":"(anonymous_0)","decl":{"start":{"line":5,"column":19},"end":{"line":5,"column":20}},"loc":{"start":{"line":5,"column":35},"end":{"line":19,"column":1}},"line":5},"1":{"name":"(anonymous_1)","decl":{"start":{"line":7,"column":10},"end":{"line":7,"column":11}},"loc":{"start":{"line":7,"column":20},"end":{"line":13,"column":5}},"line":7},"2":{"name":"(anonymous_2)","decl":{"start":{"line":13,"column":13},"end":{"line":13,"column":14}},"loc":{"start":{"line":13,"column":22},"end":{"line":17,"column":5}},"line":13},"3":{"name":"(anonymous_3)","decl":{"start":{"line":20,"column":22},"end":{"line":20,"column":23}},"loc":{"start":{"line":20,"column":38},"end":{"line":35,"column":1}},"line":20},"4":{"name":"(anonymous_4)","decl":{"start":{"line":24,"column":10},"end":{"line":24,"column":11}},"loc":{"start":{"line":24,"column":20},"end":{"line":30,"column":5}},"line":24},"5":{"name":"(anonymous_5)","decl":{"start":{"line":30,"column":13},"end":{"line":30,"column":14}},"loc":{"start":{"line":30,"column":22},"end":{"line":34,"column":5}},"line":30},"6":{"name":"(anonymous_6)","decl":{"start":{"line":39,"column":18},"end":{"line":39,"column":19}},"loc":{"start":{"line":39,"column":34},"end":{"line":54,"column":1}},"line":39},"7":{"name":"(anonymous_7)","decl":{"start":{"line":43,"column":27},"end":{"line":43,"column":28}},"loc":{"start":{"line":43,"column":43},"end":{"line":49,"column":3}},"line":43},"8":{"name":"(anonymous_8)","decl":{"start":{"line":49,"column":11},"end":{"line":49,"column":12}},"loc":{"start":{"line":49,"column":20},"end":{"line":53,"column":3}},"line":49},"9":{"name":"(anonymous_9)","decl":{"start":{"line":56,"column":18},"end":{"line":56,"column":19}},"loc":{"start":{"line":56,"column":34},"end":{"line":74,"column":1}},"line":56},"10":{"name":"(anonymous_10)","decl":{"start":{"line":57,"column":46},"end":{"line":57,"column":47}},"loc":{"start":{"line":57,"column":56},"end":{"line":69,"column":3}},"line":57},"11":{"name":"(anonymous_11)","decl":{"start":{"line":69,"column":11},"end":{"line":69,"column":12}},"loc":{"start":{"line":69,"column":20},"end":{"line":73,"column":3}},"line":69}},"branchMap":{"0":{"loc":{"start":{"line":58,"column":4},"end":{"line":68,"column":5}},"type":"if","locations":[{"start":{"line":58,"column":4},"end":{"line":68,"column":5}},{"start":{"line":64,"column":9},"end":{"line":68,"column":5}}],"line":58}},"s":{"0":1,"1":1,"2":0,"3":0,"4":0,"5":1,"6":0,"7":0,"8":0,"9":1,"10":0,"11":0,"12":0,"13":0,"14":1,"15":0,"16":0,"17":0,"18":0,"19":0,"20":1},"f":{"0":0,"1":0,"2":0,"3":0,"4":0,"5":0,"6":0,"7":0,"8":0,"9":0,"10":0,"11":0},"b":{"0":[0,0]},"_coverageSchema":"1a1c01bbd47fc00a2c39e90264f33305004495a9","hash":"a731d8ccc9958c2e8b2bbb145a11b7764d047a2c"}
,"C:\\Users\\Acer\\OneDrive - Softwarica College\\Desktop\\ALL\\sem 5\\t1-backend-web-api-BibhushaSapkota\\controller\\products_controller.js": {"path":"C:\\Users\\Acer\\OneDrive - Softwarica College\\Desktop\\ALL\\sem 5\\t1-backend-web-api-BibhushaSapkota\\controller\\products_controller.js","statementMap":{"0":{"start":{"line":1,"column":16},"end":{"line":1,"column":44}},"1":{"start":{"line":2,"column":17},"end":{"line":2,"column":46}},"2":{"start":{"line":4,"column":23},"end":{"line":15,"column":1}},"3":{"start":{"line":5,"column":4},"end":{"line":13,"column":36}},"4":{"start":{"line":8,"column":12},"end":{"line":12,"column":15}},"5":{"start":{"line":13,"column":26},"end":{"line":13,"column":35}},"6":{"start":{"line":16,"column":23},"end":{"line":36,"column":1}},"7":{"start":{"line":17,"column":18},"end":{"line":20,"column":5}},"8":{"start":{"line":22,"column":17},"end":{"line":22,"column":25}},"9":{"start":{"line":23,"column":4},"end":{"line":26,"column":5}},"10":{"start":{"line":24,"column":25},"end":{"line":24,"column":42}},"11":{"start":{"line":25,"column":8},"end":{"line":25,"column":60}},"12":{"start":{"line":28,"column":4},"end":{"line":33,"column":18}},"13":{"start":{"line":29,"column":8},"end":{"line":32,"column":10}},"14":{"start":{"line":37,"column":26},"end":{"line":42,"column":1}},"15":{"start":{"line":38,"column":4},"end":{"line":41,"column":29}},"16":{"start":{"line":40,"column":12},"end":{"line":40,"column":27}},"17":{"start":{"line":44,"column":23},"end":{"line":56,"column":1}},"18":{"start":{"line":45,"column":4},"end":{"line":54,"column":21}},"19":{"start":{"line":48,"column":12},"end":{"line":52,"column":15}},"20":{"start":{"line":57,"column":26},"end":{"line":64,"column":1}},"21":{"start":{"line":58,"column":4},"end":{"line":62,"column":21}},"22":{"start":{"line":60,"column":12},"end":{"line":60,"column":29}},"23":{"start":{"line":65,"column":26},"end":{"line":71,"column":1}},"24":{"start":{"line":66,"column":4},"end":{"line":69,"column":22}},"25":{"start":{"line":68,"column":12},"end":{"line":68,"column":27}},"26":{"start":{"line":72,"column":32},"end":{"line":92,"column":1}},"27":{"start":{"line":73,"column":23},"end":{"line":73,"column":43}},"28":{"start":{"line":74,"column":4},"end":{"line":91,"column":10}},"29":{"start":{"line":78,"column":16},"end":{"line":82,"column":19}},"30":{"start":{"line":86,"column":16},"end":{"line":89,"column":19}},"31":{"start":{"line":94,"column":0},"end":{"line":102,"column":1}}},"fnMap":{"0":{"name":"(anonymous_0)","decl":{"start":{"line":4,"column":23},"end":{"line":4,"column":24}},"loc":{"start":{"line":4,"column":43},"end":{"line":15,"column":1}},"line":4},"1":{"name":"(anonymous_1)","decl":{"start":{"line":7,"column":14},"end":{"line":7,"column":15}},"loc":{"start":{"line":7,"column":28},"end":{"line":13,"column":9}},"line":7},"2":{"name":"(anonymous_2)","decl":{"start":{"line":13,"column":17},"end":{"line":13,"column":18}},"loc":{"start":{"line":13,"column":26},"end":{"line":13,"column":35}},"line":13},"3":{"name":"(anonymous_3)","decl":{"start":{"line":16,"column":23},"end":{"line":16,"column":24}},"loc":{"start":{"line":16,"column":43},"end":{"line":36,"column":1}},"line":16},"4":{"name":"(anonymous_4)","decl":{"start":{"line":28,"column":33},"end":{"line":28,"column":34}},"loc":{"start":{"line":28,"column":44},"end":{"line":33,"column":5}},"line":28},"5":{"name":"(anonymous_5)","decl":{"start":{"line":37,"column":26},"end":{"line":37,"column":27}},"loc":{"start":{"line":37,"column":40},"end":{"line":42,"column":1}},"line":37},"6":{"name":"(anonymous_6)","decl":{"start":{"line":39,"column":14},"end":{"line":39,"column":15}},"loc":{"start":{"line":39,"column":25},"end":{"line":41,"column":9}},"line":39},"7":{"name":"(anonymous_7)","decl":{"start":{"line":44,"column":23},"end":{"line":44,"column":24}},"loc":{"start":{"line":44,"column":43},"end":{"line":56,"column":1}},"line":44},"8":{"name":"(anonymous_8)","decl":{"start":{"line":47,"column":14},"end":{"line":47,"column":15}},"loc":{"start":{"line":47,"column":27},"end":{"line":53,"column":9}},"line":47},"9":{"name":"(anonymous_9)","decl":{"start":{"line":57,"column":26},"end":{"line":57,"column":27}},"loc":{"start":{"line":57,"column":46},"end":{"line":64,"column":1}},"line":57},"10":{"name":"(anonymous_10)","decl":{"start":{"line":59,"column":14},"end":{"line":59,"column":15}},"loc":{"start":{"line":59,"column":27},"end":{"line":61,"column":9}},"line":59},"11":{"name":"(anonymous_11)","decl":{"start":{"line":65,"column":26},"end":{"line":65,"column":27}},"loc":{"start":{"line":65,"column":46},"end":{"line":71,"column":1}},"line":65},"12":{"name":"(anonymous_12)","decl":{"start":{"line":67,"column":14},"end":{"line":67,"column":15}},"loc":{"start":{"line":67,"column":25},"end":{"line":69,"column":9}},"line":67},"13":{"name":"(anonymous_13)","decl":{"start":{"line":72,"column":32},"end":{"line":72,"column":33}},"loc":{"start":{"line":72,"column":52},"end":{"line":92,"column":1}},"line":72},"14":{"name":"(anonymous_14)","decl":{"start":{"line":77,"column":12},"end":{"line":77,"column":13}},"loc":{"start":{"line":77,"column":25},"end":{"line":83,"column":13}},"line":77},"15":{"name":"(anonymous_15)","decl":{"start":{"line":85,"column":12},"end":{"line":85,"column":13}},"loc":{"start":{"line":85,"column":21},"end":{"line":90,"column":13}},"line":85}},"branchMap":{"0":{"loc":{"start":{"line":23,"column":4},"end":{"line":26,"column":5}},"type":"if","locations":[{"start":{"line":23,"column":4},"end":{"line":26,"column":5}},{"start":{},"end":{}}],"line":23}},"s":{"0":1,"1":1,"2":1,"3":1,"4":1,"5":0,"6":1,"7":0,"8":0,"9":0,"10":0,"11":0,"12":0,"13":0,"14":1,"15":0,"16":0,"17":1,"18":1,"19":1,"20":1,"21":0,"22":0,"23":1,"24":0,"25":0,"26":1,"27":0,"28":0,"29":0,"30":0,"31":1},"f":{"0":1,"1":1,"2":0,"3":0,"4":0,"5":0,"6":0,"7":1,"8":1,"9":0,"10":0,"11":0,"12":0,"13":0,"14":0,"15":0},"b":{"0":[0,0]},"_coverageSchema":"1a1c01bbd47fc00a2c39e90264f33305004495a9","hash":"2ce0ca5cea25f1b5d3348ff287207846c83b44de"}
,"C:\\Users\\Acer\\OneDrive - Softwarica College\\Desktop\\ALL\\sem 5\\t1-backend-web-api-BibhushaSapkota\\controller\\users_controller.js": {"path":"C:\\Users\\Acer\\OneDrive - Softwarica College\\Desktop\\ALL\\sem 5\\t1-backend-web-api-BibhushaSapkota\\controller\\users_controller.js","statementMap":{"0":{"start":{"line":1,"column":15},"end":{"line":1,"column":34}},"1":{"start":{"line":2,"column":13},"end":{"line":2,"column":38}},"2":{"start":{"line":3,"column":12},"end":{"line":3,"column":35}},"3":{"start":{"line":4,"column":16},"end":{"line":4,"column":44}},"4":{"start":{"line":7,"column":20},"end":{"line":18,"column":1}},"5":{"start":{"line":8,"column":4},"end":{"line":16,"column":36}},"6":{"start":{"line":11,"column":12},"end":{"line":15,"column":15}},"7":{"start":{"line":16,"column":26},"end":{"line":16,"column":35}},"8":{"start":{"line":21,"column":22},"end":{"line":55,"column":1}},"9":{"start":{"line":22,"column":4},"end":{"line":54,"column":22}},"10":{"start":{"line":24,"column":12},"end":{"line":28,"column":13}},"11":{"start":{"line":25,"column":26},"end":{"line":25,"column":80}},"12":{"start":{"line":26,"column":16},"end":{"line":26,"column":31}},"13":{"start":{"line":27,"column":16},"end":{"line":27,"column":32}},"14":{"start":{"line":29,"column":12},"end":{"line":53,"column":14}},"15":{"start":{"line":30,"column":16},"end":{"line":30,"column":41}},"16":{"start":{"line":30,"column":25},"end":{"line":30,"column":41}},"17":{"start":{"line":31,"column":16},"end":{"line":37,"column":18}},"18":{"start":{"line":38,"column":29},"end":{"line":38,"column":37}},"19":{"start":{"line":39,"column":16},"end":{"line":42,"column":17}},"20":{"start":{"line":40,"column":37},"end":{"line":40,"column":54}},"21":{"start":{"line":41,"column":20},"end":{"line":41,"column":66}},"22":{"start":{"line":43,"column":16},"end":{"line":43,"column":58}},"23":{"start":{"line":43,"column":35},"end":{"line":43,"column":58}},"24":{"start":{"line":45,"column":16},"end":{"line":52,"column":30}},"25":{"start":{"line":46,"column":20},"end":{"line":51,"column":22}},"26":{"start":{"line":57,"column":23},"end":{"line":62,"column":1}},"27":{"start":{"line":58,"column":4},"end":{"line":61,"column":29}},"28":{"start":{"line":60,"column":12},"end":{"line":60,"column":27}},"29":{"start":{"line":64,"column":20},"end":{"line":76,"column":1}},"30":{"start":{"line":65,"column":4},"end":{"line":74,"column":21}},"31":{"start":{"line":68,"column":11},"end":{"line":73,"column":15}},"32":{"start":{"line":78,"column":23},"end":{"line":95,"column":1}},"33":{"start":{"line":79,"column":4},"end":{"line":94,"column":5}},"34":{"start":{"line":80,"column":8},"end":{"line":93,"column":9}},"35":{"start":{"line":81,"column":12},"end":{"line":81,"column":37}},"36":{"start":{"line":81,"column":21},"end":{"line":81,"column":37}},"37":{"start":{"line":82,"column":12},"end":{"line":82,"column":36}},"38":{"start":{"line":83,"column":12},"end":{"line":90,"column":30}},"39":{"start":{"line":85,"column":20},"end":{"line":89,"column":22}},"40":{"start":{"line":98,"column":23},"end":{"line":105,"column":1}},"41":{"start":{"line":99,"column":4},"end":{"line":102,"column":22}},"42":{"start":{"line":101,"column":12},"end":{"line":101,"column":27}},"43":{"start":{"line":110,"column":18},"end":{"line":147,"column":1}},"44":{"start":{"line":111,"column":4},"end":{"line":146,"column":22}},"45":{"start":{"line":114,"column":12},"end":{"line":118,"column":13}},"46":{"start":{"line":115,"column":26},"end":{"line":115,"column":92}},"47":{"start":{"line":116,"column":16},"end":{"line":116,"column":31}},"48":{"start":{"line":117,"column":16},"end":{"line":117,"column":32}},"49":{"start":{"line":119,"column":12},"end":{"line":144,"column":14}},"50":{"start":{"line":120,"column":16},"end":{"line":120,"column":41}},"51":{"start":{"line":120,"column":25},"end":{"line":120,"column":41}},"52":{"start":{"line":121,"column":16},"end":{"line":125,"column":17}},"53":{"start":{"line":122,"column":30},"end":{"line":122,"column":67}},"54":{"start":{"line":123,"column":20},"end":{"line":123,"column":35}},"55":{"start":{"line":124,"column":20},"end":{"line":124,"column":36}},"56":{"start":{"line":126,"column":27},"end":{"line":132,"column":17}},"57":{"start":{"line":133,"column":16},"end":{"line":143,"column":22}},"58":{"start":{"line":135,"column":24},"end":{"line":135,"column":49}},"59":{"start":{"line":135,"column":33},"end":{"line":135,"column":49}},"60":{"start":{"line":136,"column":24},"end":{"line":142,"column":26}},"61":{"start":{"line":149,"column":0},"end":{"line":157,"column":1}}},"fnMap":{"0":{"name":"(anonymous_0)","decl":{"start":{"line":7,"column":20},"end":{"line":7,"column":21}},"loc":{"start":{"line":7,"column":40},"end":{"line":18,"column":1}},"line":7},"1":{"name":"(anonymous_1)","decl":{"start":{"line":10,"column":14},"end":{"line":10,"column":15}},"loc":{"start":{"line":10,"column":25},"end":{"line":16,"column":9}},"line":10},"2":{"name":"(anonymous_2)","decl":{"start":{"line":16,"column":17},"end":{"line":16,"column":18}},"loc":{"start":{"line":16,"column":26},"end":{"line":16,"column":35}},"line":16},"3":{"name":"(anonymous_3)","decl":{"start":{"line":21,"column":22},"end":{"line":21,"column":23}},"loc":{"start":{"line":21,"column":42},"end":{"line":55,"column":1}},"line":21},"4":{"name":"(anonymous_4)","decl":{"start":{"line":23,"column":14},"end":{"line":23,"column":15}},"loc":{"start":{"line":23,"column":22},"end":{"line":54,"column":9}},"line":23},"5":{"name":"(anonymous_5)","decl":{"start":{"line":29,"column":47},"end":{"line":29,"column":48}},"loc":{"start":{"line":29,"column":62},"end":{"line":53,"column":13}},"line":29},"6":{"name":"(anonymous_6)","decl":{"start":{"line":45,"column":33},"end":{"line":45,"column":34}},"loc":{"start":{"line":45,"column":41},"end":{"line":52,"column":17}},"line":45},"7":{"name":"(anonymous_7)","decl":{"start":{"line":57,"column":23},"end":{"line":57,"column":24}},"loc":{"start":{"line":57,"column":37},"end":{"line":62,"column":1}},"line":57},"8":{"name":"(anonymous_8)","decl":{"start":{"line":59,"column":14},"end":{"line":59,"column":15}},"loc":{"start":{"line":59,"column":25},"end":{"line":61,"column":9}},"line":59},"9":{"name":"(anonymous_9)","decl":{"start":{"line":64,"column":20},"end":{"line":64,"column":21}},"loc":{"start":{"line":64,"column":40},"end":{"line":76,"column":1}},"line":64},"10":{"name":"(anonymous_10)","decl":{"start":{"line":67,"column":14},"end":{"line":67,"column":15}},"loc":{"start":{"line":67,"column":24},"end":{"line":73,"column":16}},"line":67},"11":{"name":"(anonymous_11)","decl":{"start":{"line":78,"column":23},"end":{"line":78,"column":24}},"loc":{"start":{"line":78,"column":43},"end":{"line":95,"column":1}},"line":78},"12":{"name":"(anonymous_12)","decl":{"start":{"line":80,"column":63},"end":{"line":80,"column":64}},"loc":{"start":{"line":80,"column":78},"end":{"line":92,"column":9}},"line":80},"13":{"name":"(anonymous_13)","decl":{"start":{"line":84,"column":22},"end":{"line":84,"column":23}},"loc":{"start":{"line":84,"column":32},"end":{"line":90,"column":17}},"line":84},"14":{"name":"(anonymous_14)","decl":{"start":{"line":98,"column":23},"end":{"line":98,"column":24}},"loc":{"start":{"line":98,"column":43},"end":{"line":105,"column":1}},"line":98},"15":{"name":"(anonymous_15)","decl":{"start":{"line":100,"column":14},"end":{"line":100,"column":15}},"loc":{"start":{"line":100,"column":25},"end":{"line":102,"column":9}},"line":100},"16":{"name":"(anonymous_16)","decl":{"start":{"line":110,"column":18},"end":{"line":110,"column":19}},"loc":{"start":{"line":110,"column":38},"end":{"line":147,"column":1}},"line":110},"17":{"name":"(anonymous_17)","decl":{"start":{"line":113,"column":14},"end":{"line":113,"column":15}},"loc":{"start":{"line":113,"column":22},"end":{"line":146,"column":9}},"line":113},"18":{"name":"(anonymous_18)","decl":{"start":{"line":119,"column":61},"end":{"line":119,"column":62}},"loc":{"start":{"line":119,"column":78},"end":{"line":144,"column":13}},"line":119},"19":{"name":"(anonymous_19)","decl":{"start":{"line":134,"column":42},"end":{"line":134,"column":43}},"loc":{"start":{"line":134,"column":58},"end":{"line":143,"column":21}},"line":134}},"branchMap":{"0":{"loc":{"start":{"line":24,"column":12},"end":{"line":28,"column":13}},"type":"if","locations":[{"start":{"line":24,"column":12},"end":{"line":28,"column":13}},{"start":{},"end":{}}],"line":24},"1":{"loc":{"start":{"line":30,"column":16},"end":{"line":30,"column":41}},"type":"if","locations":[{"start":{"line":30,"column":16},"end":{"line":30,"column":41}},{"start":{},"end":{}}],"line":30},"2":{"loc":{"start":{"line":39,"column":16},"end":{"line":42,"column":17}},"type":"if","locations":[{"start":{"line":39,"column":16},"end":{"line":42,"column":17}},{"start":{},"end":{}}],"line":39},"3":{"loc":{"start":{"line":43,"column":16},"end":{"line":43,"column":58}},"type":"if","locations":[{"start":{"line":43,"column":16},"end":{"line":43,"column":58}},{"start":{},"end":{}}],"line":43},"4":{"loc":{"start":{"line":79,"column":4},"end":{"line":94,"column":5}},"type":"if","locations":[{"start":{"line":79,"column":4},"end":{"line":94,"column":5}},{"start":{},"end":{}}],"line":79},"5":{"loc":{"start":{"line":81,"column":12},"end":{"line":81,"column":37}},"type":"if","locations":[{"start":{"line":81,"column":12},"end":{"line":81,"column":37}},{"start":{},"end":{}}],"line":81},"6":{"loc":{"start":{"line":114,"column":12},"end":{"line":118,"column":13}},"type":"if","locations":[{"start":{"line":114,"column":12},"end":{"line":118,"column":13}},{"start":{},"end":{}}],"line":114},"7":{"loc":{"start":{"line":120,"column":16},"end":{"line":120,"column":41}},"type":"if","locations":[{"start":{"line":120,"column":16},"end":{"line":120,"column":41}},{"start":{},"end":{}}],"line":120},"8":{"loc":{"start":{"line":121,"column":16},"end":{"line":125,"column":17}},"type":"if","locations":[{"start":{"line":121,"column":16},"end":{"line":125,"column":17}},{"start":{},"end":{}}],"line":121},"9":{"loc":{"start":{"line":135,"column":24},"end":{"line":135,"column":49}},"type":"if","locations":[{"start":{"line":135,"column":24},"end":{"line":135,"column":49}},{"start":{},"end":{}}],"line":135}},"s":{"0":1,"1":1,"2":1,"3":1,"4":1,"5":0,"6":0,"7":0,"8":1,"9":1,"10":1,"11":0,"12":0,"13":0,"14":1,"15":1,"16":0,"17":1,"18":1,"19":1,"20":0,"21":0,"22":1,"23":0,"24":1,"25":1,"26":1,"27":0,"28":0,"29":1,"30":0,"31":0,"32":1,"33":0,"34":0,"35":0,"36":0,"37":0,"38":0,"39":0,"40":1,"41":0,"42":0,"43":1,"44":1,"45":1,"46":0,"47":0,"48":0,"49":1,"50":1,"51":0,"52":1,"53":0,"54":0,"55":0,"56":1,"57":1,"58":1,"59":0,"60":1,"61":1},"f":{"0":0,"1":0,"2":0,"3":1,"4":1,"5":1,"6":1,"7":0,"8":0,"9":0,"10":0,"11":0,"12":0,"13":0,"14":0,"15":0,"16":1,"17":1,"18":1,"19":1},"b":{"0":[0,1],"1":[0,1],"2":[0,1],"3":[0,1],"4":[0,0],"5":[0,0],"6":[0,1],"7":[0,1],"8":[0,1],"9":[0,1]},"_coverageSchema":"1a1c01bbd47fc00a2c39e90264f33305004495a9","hash":"9bd687ff4a9664b2e533fb902d2616d5d41537dd"}
,"C:\\Users\\Acer\\OneDrive - Softwarica College\\Desktop\\ALL\\sem 5\\t1-backend-web-api-BibhushaSapkota\\middleware\\auth.js": {"path":"C:\\Users\\Acer\\OneDrive - Softwarica College\\Desktop\\ALL\\sem 5\\t1-backend-web-api-BibhushaSapkota\\middleware\\auth.js","statementMap":{"0":{"start":{"line":2,"column":10},"end":{"line":2,"column":33}},"1":{"start":{"line":4,"column":17},"end":{"line":16,"column":1}},"2":{"start":{"line":5,"column":4},"end":{"line":9,"column":5}},"3":{"start":{"line":6,"column":16},"end":{"line":6,"column":59}},"4":{"start":{"line":7,"column":8},"end":{"line":7,"column":23}},"5":{"start":{"line":8,"column":8},"end":{"line":8,"column":25}},"6":{"start":{"line":10,"column":4},"end":{"line":10,"column":50}},"7":{"start":{"line":11,"column":4},"end":{"line":15,"column":6}},"8":{"start":{"line":12,"column":8},"end":{"line":12,"column":32}},"9":{"start":{"line":12,"column":16},"end":{"line":12,"column":32}},"10":{"start":{"line":13,"column":8},"end":{"line":13,"column":24}},"11":{"start":{"line":14,"column":8},"end":{"line":14,"column":14}},"12":{"start":{"line":18,"column":18},"end":{"line":25,"column":1}},"13":{"start":{"line":19,"column":4},"end":{"line":23,"column":5}},"14":{"start":{"line":20,"column":17},"end":{"line":20,"column":52}},"15":{"start":{"line":21,"column":8},"end":{"line":21,"column":23}},"16":{"start":{"line":22,"column":8},"end":{"line":22,"column":24}},"17":{"start":{"line":24,"column":4},"end":{"line":24,"column":10}},"18":{"start":{"line":27,"column":19},"end":{"line":34,"column":1}},"19":{"start":{"line":28,"column":4},"end":{"line":31,"column":5}},"20":{"start":{"line":29,"column":8},"end":{"line":29,"column":23}},"21":{"start":{"line":30,"column":8},"end":{"line":30,"column":41}},"22":{"start":{"line":32,"column":4},"end":{"line":32,"column":10}},"23":{"start":{"line":35,"column":0},"end":{"line":35,"column":52}}},"fnMap":{"0":{"name":"(anonymous_0)","decl":{"start":{"line":4,"column":17},"end":{"line":4,"column":18}},"loc":{"start":{"line":4,"column":33},"end":{"line":16,"column":1}},"line":4},"1":{"name":"(anonymous_1)","decl":{"start":{"line":11,"column":40},"end":{"line":11,"column":41}},"loc":{"start":{"line":11,"column":55},"end":{"line":15,"column":5}},"line":11},"2":{"name":"(anonymous_2)","decl":{"start":{"line":18,"column":18},"end":{"line":18,"column":19}},"loc":{"start":{"line":18,"column":34},"end":{"line":25,"column":1}},"line":18},"3":{"name":"(anonymous_3)","decl":{"start":{"line":27,"column":19},"end":{"line":27,"column":20}},"loc":{"start":{"line":27,"column":35},"end":{"line":34,"column":1}},"line":27}},"branchMap":{"0":{"loc":{"start":{"line":5,"column":4},"end":{"line":9,"column":5}},"type":"if","locations":[{"start":{"line":5,"column":4},"end":{"line":9,"column":5}},{"start":{},"end":{}}],"line":5},"1":{"loc":{"start":{"line":12,"column":8},"end":{"line":12,"column":32}},"type":"if","locations":[{"start":{"line":12,"column":8},"end":{"line":12,"column":32}},{"start":{},"end":{}}],"line":12},"2":{"loc":{"start":{"line":19,"column":4},"end":{"line":23,"column":5}},"type":"if","locations":[{"start":{"line":19,"column":4},"end":{"line":23,"column":5}},{"start":{},"end":{}}],"line":19},"3":{"loc":{"start":{"line":28,"column":4},"end":{"line":31,"column":5}},"type":"if","locations":[{"start":{"line":28,"column":4},"end":{"line":31,"column":5}},{"start":{},"end":{}}],"line":28}},"s":{"0":1,"1":1,"2":0,"3":0,"4":0,"5":0,"6":0,"7":0,"8":0,"9":0,"10":0,"11":0,"12":1,"13":0,"14":0,"15":0,"16":0,"17":0,"18":1,"19":0,"20":0,"21":0,"22":0,"23":1},"f":{"0":0,"1":0,"2":0,"3":0},"b":{"0":[0,0],"1":[0,0],"2":[0,0],"3":[0,0]},"_coverageSchema":"1a1c01bbd47fc00a2c39e90264f33305004495a9","hash":"46f04e8341937fd7d6599741b81127fa3305bbb0"}
,"C:\\Users\\Acer\\OneDrive - Softwarica College\\Desktop\\ALL\\sem 5\\t1-backend-web-api-BibhushaSapkota\\middleware\\upload.js": {"path":"C:\\Users\\Acer\\OneDrive - Softwarica College\\Desktop\\ALL\\sem 5\\t1-backend-web-api-BibhushaSapkota\\middleware\\upload.js","statementMap":{"0":{"start":{"line":1,"column":15},"end":{"line":1,"column":32}},"1":{"start":{"line":2,"column":13},"end":{"line":2,"column":28}},"2":{"start":{"line":4,"column":17},"end":{"line":13,"column":2}},"3":{"start":{"line":6,"column":8},"end":{"line":6,"column":42}},"4":{"start":{"line":9,"column":18},"end":{"line":9,"column":49}},"5":{"start":{"line":10,"column":8},"end":{"line":10,"column":57}},"6":{"start":{"line":14,"column":23},"end":{"line":19,"column":1}},"7":{"start":{"line":15,"column":4},"end":{"line":17,"column":5}},"8":{"start":{"line":16,"column":8},"end":{"line":16,"column":64}},"9":{"start":{"line":18,"column":4},"end":{"line":18,"column":18}},"10":{"start":{"line":20,"column":15},"end":{"line":24,"column":2}},"11":{"start":{"line":27,"column":0},"end":{"line":27,"column":21}}},"fnMap":{"0":{"name":"(anonymous_0)","decl":{"start":{"line":5,"column":17},"end":{"line":5,"column":18}},"loc":{"start":{"line":5,"column":34},"end":{"line":7,"column":5}},"line":5},"1":{"name":"(anonymous_1)","decl":{"start":{"line":8,"column":14},"end":{"line":8,"column":15}},"loc":{"start":{"line":8,"column":32},"end":{"line":12,"column":5}},"line":8},"2":{"name":"(anonymous_2)","decl":{"start":{"line":14,"column":23},"end":{"line":14,"column":24}},"loc":{"start":{"line":14,"column":38},"end":{"line":19,"column":1}},"line":14}},"branchMap":{"0":{"loc":{"start":{"line":15,"column":4},"end":{"line":17,"column":5}},"type":"if","locations":[{"start":{"line":15,"column":4},"end":{"line":17,"column":5}},{"start":{},"end":{}}],"line":15}},"s":{"0":1,"1":1,"2":1,"3":0,"4":0,"5":0,"6":1,"7":0,"8":0,"9":0,"10":1,"11":1},"f":{"0":0,"1":0,"2":0},"b":{"0":[0,0]},"_coverageSchema":"1a1c01bbd47fc00a2c39e90264f33305004495a9","hash":"5bbdbdd1876d5848b889af77492ab9e4644753cc"}
,"C:\\Users\\Acer\\OneDrive - Softwarica College\\Desktop\\ALL\\sem 5\\t1-backend-web-api-BibhushaSapkota\\middleware\\uploaduser.js": {"path":"C:\\Users\\Acer\\OneDrive - Softwarica College\\Desktop\\ALL\\sem 5\\t1-backend-web-api-BibhushaSapkota\\middleware\\uploaduser.js","statementMap":{"0":{"start":{"line":1,"column":15},"end":{"line":1,"column":32}},"1":{"start":{"line":2,"column":13},"end":{"line":2,"column":28}},"2":{"start":{"line":4,"column":22},"end":{"line":8,"column":1}},"3":{"start":{"line":11,"column":14},"end":{"line":22,"column":2}},"4":{"start":{"line":13,"column":24},"end":{"line":13,"column":52}},"5":{"start":{"line":15,"column":8},"end":{"line":16,"column":45}},"6":{"start":{"line":15,"column":22},"end":{"line":15,"column":80}},"7":{"start":{"line":16,"column":13},"end":{"line":16,"column":45}},"8":{"start":{"line":19,"column":26},"end":{"line":19,"column":54}},"9":{"start":{"line":20,"column":8},"end":{"line":20,"column":51}},"10":{"start":{"line":24,"column":20},"end":{"line":24,"column":48}},"11":{"start":{"line":26,"column":0},"end":{"line":26,"column":28}}},"fnMap":{"0":{"name":"(anonymous_0)","decl":{"start":{"line":12,"column":17},"end":{"line":12,"column":18}},"loc":{"start":{"line":12,"column":42},"end":{"line":17,"column":5}},"line":12},"1":{"name":"(anonymous_1)","decl":{"start":{"line":18,"column":14},"end":{"line":18,"column":15}},"loc":{"start":{"line":18,"column":39},"end":{"line":21,"column":5}},"line":18}},"branchMap":{"0":{"loc":{"start":{"line":15,"column":8},"end":{"line":16,"column":45}},"type":"if","locations":[{"start":{"line":15,"column":8},"end":{"line":16,"column":45}},{"start":{"line":16,"column":13},"end":{"line":16,"column":45}}],"line":15}},"s":{"0":1,"1":1,"2":1,"3":1,"4":0,"5":0,"6":0,"7":0,"8":0,"9":0,"10":1,"11":1},"f":{"0":0,"1":0},"b":{"0":[0,0]},"_coverageSchema":"1a1c01bbd47fc00a2c39e90264f33305004495a9","hash":"3161c1a05dae20cd585f7be833d5205704fc3e67"}
,"C:\\Users\\Acer\\OneDrive - Softwarica College\\Desktop\\ALL\\sem 5\\t1-backend-web-api-BibhushaSapkota\\models\\Address.js": {"path":"C:\\Users\\Acer\\OneDrive - Softwarica College\\Desktop\\ALL\\sem 5\\t1-backend-web-api-BibhushaSapkota\\models\\Address.js","statementMap":{"0":{"start":{"line":1,"column":17},"end":{"line":1,"column":36}},"1":{"start":{"line":2,"column":11},"end":{"line":2,"column":28}},"2":{"start":{"line":4,"column":22},"end":{"line":14,"column":24}},"3":{"start":{"line":15,"column":0},"end":{"line":15,"column":57}}},"fnMap":{},"branchMap":{},"s":{"0":1,"1":1,"2":1,"3":1},"f":{},"b":{},"_coverageSchema":"1a1c01bbd47fc00a2c39e90264f33305004495a9","hash":"670101ed4e2e045f82b72f51cafbb9ec0caed74a"}
,"C:\\Users\\Acer\\OneDrive - Softwarica College\\Desktop\\ALL\\sem 5\\t1-backend-web-api-BibhushaSapkota\\models\\Cart.js": {"path":"C:\\Users\\Acer\\OneDrive - Softwarica College\\Desktop\\ALL\\sem 5\\t1-backend-web-api-BibhushaSapkota\\models\\Cart.js","statementMap":{"0":{"start":{"line":1,"column":17},"end":{"line":1,"column":36}},"1":{"start":{"line":4,"column":19},"end":{"line":21,"column":2}},"2":{"start":{"line":23,"column":0},"end":{"line":23,"column":52}}},"fnMap":{},"branchMap":{},"s":{"0":1,"1":1,"2":1},"f":{},"b":{},"_coverageSchema":"1a1c01bbd47fc00a2c39e90264f33305004495a9","hash":"a5c1941553ab4baef59ea7709afcfbbeb17feb47"}
,"C:\\Users\\Acer\\OneDrive - Softwarica College\\Desktop\\ALL\\sem 5\\t1-backend-web-api-BibhushaSapkota\\models\\Category.js": {"path":"C:\\Users\\Acer\\OneDrive - Softwarica College\\Desktop\\ALL\\sem 5\\t1-backend-web-api-BibhushaSapkota\\models\\Category.js","statementMap":{"0":{"start":{"line":1,"column":17},"end":{"line":1,"column":36}},"1":{"start":{"line":4,"column":23},"end":{"line":10,"column":2}},"2":{"start":{"line":11,"column":0},"end":{"line":11,"column":59}}},"fnMap":{},"branchMap":{},"s":{"0":1,"1":1,"2":1},"f":{},"b":{},"_coverageSchema":"1a1c01bbd47fc00a2c39e90264f33305004495a9","hash":"bf9126004387b87354d068d383cba752fb21f537"}
,"C:\\Users\\Acer\\OneDrive - Softwarica College\\Desktop\\ALL\\sem 5\\t1-backend-web-api-BibhushaSapkota\\models\\Order.js": {"path":"C:\\Users\\Acer\\OneDrive - Softwarica College\\Desktop\\ALL\\sem 5\\t1-backend-web-api-BibhushaSapkota\\models\\Order.js","statementMap":{"0":{"start":{"line":1,"column":17},"end":{"line":1,"column":36}},"1":{"start":{"line":4,"column":20},"end":{"line":27,"column":24}},"2":{"start":{"line":28,"column":0},"end":{"line":28,"column":54}}},"fnMap":{},"branchMap":{},"s":{"0":1,"1":1,"2":1},"f":{},"b":{},"_coverageSchema":"1a1c01bbd47fc00a2c39e90264f33305004495a9","hash":"c3db25846ac4cdd1617e41ec72df100c8b277ba4"}
,"C:\\Users\\Acer\\OneDrive - Softwarica College\\Desktop\\ALL\\sem 5\\t1-backend-web-api-BibhushaSapkota\\models\\Product.js": {"path":"C:\\Users\\Acer\\OneDrive - Softwarica College\\Desktop\\ALL\\sem 5\\t1-backend-web-api-BibhushaSapkota\\models\\Product.js","statementMap":{"0":{"start":{"line":1,"column":17},"end":{"line":1,"column":36}},"1":{"start":{"line":2,"column":17},"end":{"line":2,"column":38}},"2":{"start":{"line":3,"column":11},"end":{"line":3,"column":28}},"3":{"start":{"line":5,"column":22},"end":{"line":26,"column":24}},"4":{"start":{"line":27,"column":0},"end":{"line":27,"column":57}}},"fnMap":{},"branchMap":{},"s":{"0":1,"1":1,"2":1,"3":1,"4":1},"f":{},"b":{},"_coverageSchema":"1a1c01bbd47fc00a2c39e90264f33305004495a9","hash":"abc8f546e697ff9cda7196b0c86351ea7af915c4"}
,"C:\\Users\\Acer\\OneDrive - Softwarica College\\Desktop\\ALL\\sem 5\\t1-backend-web-api-BibhushaSapkota\\models\\User.js": {"path":"C:\\Users\\Acer\\OneDrive - Softwarica College\\Desktop\\ALL\\sem 5\\t1-backend-web-api-BibhushaSapkota\\models\\User.js","statementMap":{"0":{"start":{"line":1,"column":17},"end":{"line":1,"column":36}},"1":{"start":{"line":3,"column":19},"end":{"line":42,"column":24}},"2":{"start":{"line":43,"column":0},"end":{"line":43,"column":51}}},"fnMap":{},"branchMap":{},"s":{"0":1,"1":1,"2":1},"f":{},"b":{},"_coverageSchema":"1a1c01bbd47fc00a2c39e90264f33305004495a9","hash":"fe972e11874c1a0677fedaa64fedcb91f4513c49"}
,"C:\\Users\\Acer\\OneDrive - Softwarica College\\Desktop\\ALL\\sem 5\\t1-backend-web-api-BibhushaSapkota\\routes\\address_routes.js": {"path":"C:\\Users\\Acer\\OneDrive - Softwarica College\\Desktop\\ALL\\sem 5\\t1-backend-web-api-BibhushaSapkota\\routes\\address_routes.js","statementMap":{"0":{"start":{"line":1,"column":16},"end":{"line":1,"column":34}},"1":{"start":{"line":2,"column":26},"end":{"line":2,"column":69}},"2":{"start":{"line":3,"column":13},"end":{"line":3,"column":42}},"3":{"start":{"line":5,"column":15},"end":{"line":5,"column":31}},"4":{"start":{"line":6,"column":0},"end":{"line":7,"column":58}},"5":{"start":{"line":9,"column":0},"end":{"line":12,"column":57}},"6":{"start":{"line":14,"column":0},"end":{"line":14,"column":23}}},"fnMap":{},"branchMap":{},"s":{"0":1,"1":1,"2":1,"3":1,"4":1,"5":1,"6":1},"f":{},"b":{},"_coverageSchema":"1a1c01bbd47fc00a2c39e90264f33305004495a9","hash":"da10a4ebd812e34fded9ea9228ef81aaa0c5a045"}
,"C:\\Users\\Acer\\OneDrive - Softwarica College\\Desktop\\ALL\\sem 5\\t1-backend-web-api-BibhushaSapkota\\routes\\cart_routes.js": {"path":"C:\\Users\\Acer\\OneDrive - Softwarica College\\Desktop\\ALL\\sem 5\\t1-backend-web-api-BibhushaSapkota\\routes\\cart_routes.js","statementMap":{"0":{"start":{"line":1,"column":16},"end":{"line":1,"column":34}},"1":{"start":{"line":2,"column":23},"end":{"line":2,"column":64}},"2":{"start":{"line":3,"column":13},"end":{"line":3,"column":42}},"3":{"start":{"line":5,"column":15},"end":{"line":5,"column":31}},"4":{"start":{"line":7,"column":0},"end":{"line":8,"column":51}},"5":{"start":{"line":10,"column":0},"end":{"line":12,"column":65}},"6":{"start":{"line":14,"column":0},"end":{"line":17,"column":51}},"7":{"start":{"line":19,"column":0},"end":{"line":19,"column":23}}},"fnMap":{},"branchMap":{},"s":{"0":1,"1":1,"2":1,"3":1,"4":1,"5":1,"6":1,"7":1},"f":{},"b":{},"_coverageSchema":"1a1c01bbd47fc00a2c39e90264f33305004495a9","hash":"077ab73b1fbbef0fe37f1f3c582281c29393b91b"}
,"C:\\Users\\Acer\\OneDrive - Softwarica College\\Desktop\\ALL\\sem 5\\t1-backend-web-api-BibhushaSapkota\\routes\\category_routes.js": {"path":"C:\\Users\\Acer\\OneDrive - Softwarica College\\Desktop\\ALL\\sem 5\\t1-backend-web-api-BibhushaSapkota\\routes\\category_routes.js","statementMap":{"0":{"start":{"line":1,"column":16},"end":{"line":1,"column":34}},"1":{"start":{"line":2,"column":15},"end":{"line":2,"column":31}},"2":{"start":{"line":3,"column":27},"end":{"line":3,"column":73}},"3":{"start":{"line":4,"column":13},"end":{"line":4,"column":42}},"4":{"start":{"line":7,"column":0},"end":{"line":14,"column":84}},"5":{"start":{"line":12,"column":8},"end":{"line":12,"column":70}},"6":{"start":{"line":17,"column":0},"end":{"line":23,"column":86}},"7":{"start":{"line":20,"column":8},"end":{"line":20,"column":70}},"8":{"start":{"line":26,"column":0},"end":{"line":26,"column":23}}},"fnMap":{"0":{"name":"(anonymous_0)","decl":{"start":{"line":11,"column":9},"end":{"line":11,"column":10}},"loc":{"start":{"line":11,"column":23},"end":{"line":13,"column":5}},"line":11},"1":{"name":"(anonymous_1)","decl":{"start":{"line":19,"column":10},"end":{"line":19,"column":11}},"loc":{"start":{"line":19,"column":24},"end":{"line":21,"column":5}},"line":19}},"branchMap":{},"s":{"0":1,"1":1,"2":1,"3":1,"4":1,"5":0,"6":1,"7":0,"8":1},"f":{"0":0,"1":0},"b":{},"_coverageSchema":"1a1c01bbd47fc00a2c39e90264f33305004495a9","hash":"c1fdea1c7f57b5122b99c5e172b6fc6c6844b919"}
,"C:\\Users\\Acer\\OneDrive - Softwarica College\\Desktop\\ALL\\sem 5\\t1-backend-web-api-BibhushaSapkota\\routes\\order_routes.js": {"path":"C:\\Users\\Acer\\OneDrive - Softwarica College\\Desktop\\ALL\\sem 5\\t1-backend-web-api-BibhushaSapkota\\routes\\order_routes.js","statementMap":{"0":{"start":{"line":1,"column":16},"end":{"line":1,"column":34}},"1":{"start":{"line":2,"column":24},"end":{"line":2,"column":66}},"2":{"start":{"line":3,"column":13},"end":{"line":3,"column":42}},"3":{"start":{"line":5,"column":15},"end":{"line":5,"column":31}},"4":{"start":{"line":7,"column":0},"end":{"line":9,"column":54}},"5":{"start":{"line":11,"column":0},"end":{"line":13,"column":56}},"6":{"start":{"line":15,"column":0},"end":{"line":15,"column":23}}},"fnMap":{},"branchMap":{},"s":{"0":1,"1":1,"2":1,"3":1,"4":1,"5":1,"6":1},"f":{},"b":{},"_coverageSchema":"1a1c01bbd47fc00a2c39e90264f33305004495a9","hash":"5c830d8fa7f4dd600c8100b1706bfc9b06545f4b"}
,"C:\\Users\\Acer\\OneDrive - Softwarica College\\Desktop\\ALL\\sem 5\\t1-backend-web-api-BibhushaSapkota\\routes\\product_routes.js": {"path":"C:\\Users\\Acer\\OneDrive - Softwarica College\\Desktop\\ALL\\sem 5\\t1-backend-web-api-BibhushaSapkota\\routes\\product_routes.js","statementMap":{"0":{"start":{"line":1,"column":16},"end":{"line":1,"column":34}},"1":{"start":{"line":2,"column":26},"end":{"line":2,"column":70}},"2":{"start":{"line":3,"column":13},"end":{"line":3,"column":42}},"3":{"start":{"line":4,"column":15},"end":{"line":4,"column":46}},"4":{"start":{"line":5,"column":16},"end":{"line":5,"column":44}},"5":{"start":{"line":7,"column":15},"end":{"line":7,"column":31}},"6":{"start":{"line":8,"column":0},"end":{"line":15,"column":66}},"7":{"start":{"line":13,"column":8},"end":{"line":13,"column":70}},"8":{"start":{"line":17,"column":0},"end":{"line":23,"column":83}},"9":{"start":{"line":20,"column":8},"end":{"line":20,"column":60}},"10":{"start":{"line":25,"column":0},"end":{"line":25,"column":23}}},"fnMap":{"0":{"name":"(anonymous_0)","decl":{"start":{"line":12,"column":9},"end":{"line":12,"column":10}},"loc":{"start":{"line":12,"column":23},"end":{"line":14,"column":5}},"line":12},"1":{"name":"(anonymous_1)","decl":{"start":{"line":19,"column":10},"end":{"line":19,"column":11}},"loc":{"start":{"line":19,"column":24},"end":{"line":21,"column":5}},"line":19}},"branchMap":{},"s":{"0":1,"1":1,"2":1,"3":1,"4":1,"5":1,"6":1,"7":0,"8":1,"9":0,"10":1},"f":{"0":0,"1":0},"b":{},"_coverageSchema":"1a1c01bbd47fc00a2c39e90264f33305004495a9","hash":"c7f80330cbf8f2f5ccf8e0c19479283e546998be"}
,"C:\\Users\\Acer\\OneDrive - Softwarica College\\Desktop\\ALL\\sem 5\\t1-backend-web-api-BibhushaSapkota\\routes\\user_routes.js": {"path":"C:\\Users\\Acer\\OneDrive - Softwarica College\\Desktop\\ALL\\sem 5\\t1-backend-web-api-BibhushaSapkota\\routes\\user_routes.js","statementMap":{"0":{"start":{"line":1,"column":16},"end":{"line":1,"column":34}},"1":{"start":{"line":2,"column":23},"end":{"line":2,"column":64}},"2":{"start":{"line":3,"column":13},"end":{"line":3,"column":42}},"3":{"start":{"line":4,"column":22},"end":{"line":4,"column":57}},"4":{"start":{"line":5,"column":21},"end":{"line":5,"column":62}},"5":{"start":{"line":7,"column":15},"end":{"line":7,"column":31}},"6":{"start":{"line":10,"column":0},"end":{"line":11,"column":35}},"7":{"start":{"line":13,"column":0},"end":{"line":14,"column":53}},"8":{"start":{"line":17,"column":0},"end":{"line":23,"column":60}},"9":{"start":{"line":21,"column":8},"end":{"line":21,"column":70}},"10":{"start":{"line":25,"column":0},"end":{"line":31,"column":59}},"11":{"start":{"line":28,"column":8},"end":{"line":28,"column":60}},"12":{"start":{"line":33,"column":0},"end":{"line":33,"column":23}}},"fnMap":{"0":{"name":"(anonymous_0)","decl":{"start":{"line":20,"column":9},"end":{"line":20,"column":10}},"loc":{"start":{"line":20,"column":23},"end":{"line":22,"column":5}},"line":20},"1":{"name":"(anonymous_1)","decl":{"start":{"line":27,"column":10},"end":{"line":27,"column":11}},"loc":{"start":{"line":27,"column":24},"end":{"line":29,"column":5}},"line":27}},"branchMap":{},"s":{"0":1,"1":1,"2":1,"3":1,"4":1,"5":1,"6":1,"7":1,"8":1,"9":0,"10":1,"11":0,"12":1},"f":{"0":0,"1":0},"b":{},"_coverageSchema":"1a1c01bbd47fc00a2c39e90264f33305004495a9","hash":"870c907337870e92be337b79448ec24ee4b8f7bb"}
}
