TN:
SF:app.js
FN:22,(anonymous_0)
FN:25,(anonymous_1)
FN:29,(anonymous_2)
FN:40,(anonymous_3)
FN:59,(anonymous_4)
FNF:5
FNH:2
FNDA:1,(anonymous_0)
FNDA:0,(anonymous_1)
FNDA:6,(anonymous_2)
FNDA:0,(anonymous_3)
FNDA:0,(anonymous_4)
DA:1,1
DA:2,1
DA:3,1
DA:4,1
DA:5,1
DA:6,1
DA:7,1
DA:8,1
DA:9,1
DA:10,1
DA:11,1
DA:13,1
DA:14,1
DA:16,1
DA:19,1
DA:21,1
DA:23,1
DA:25,0
DA:29,1
DA:30,6
DA:31,6
DA:34,1
DA:40,1
DA:41,0
DA:45,1
DA:48,1
DA:50,1
DA:51,1
DA:52,1
DA:53,1
DA:54,1
DA:59,1
DA:60,0
DA:61,0
DA:62,0
DA:65,1
LF:36
LH:31
BRDA:16,0,0,1
BRDA:16,0,1,0
BRDA:61,1,0,0
BRDA:61,1,1,0
BRF:4
BRH:1
end_of_record
TN:
SF:controller\address_controller.js
FN:4,(anonymous_0)
FN:7,(anonymous_1)
FN:13,(anonymous_2)
FN:16,(anonymous_3)
FN:21,(anonymous_4)
FN:24,(anonymous_5)
FN:36,(anonymous_6)
FN:38,(anonymous_7)
FN:43,(anonymous_8)
FN:45,(anonymous_9)
FNF:10
FNH:0
FNDA:0,(anonymous_0)
FNDA:0,(anonymous_1)
FNDA:0,(anonymous_2)
FNDA:0,(anonymous_3)
FNDA:0,(anonymous_4)
FNDA:0,(anonymous_5)
FNDA:0,(anonymous_6)
FNDA:0,(anonymous_7)
FNDA:0,(anonymous_8)
FNDA:0,(anonymous_9)
DA:1,1
DA:2,1
DA:4,1
DA:5,0
DA:8,0
DA:13,0
DA:16,1
DA:17,0
DA:21,0
DA:22,0
DA:24,0
DA:36,1
DA:37,0
DA:39,0
DA:43,1
DA:44,0
DA:46,0
DA:54,1
LF:18
LH:7
BRF:0
BRH:0
end_of_record
TN:
SF:controller\carts_controller.js
FN:4,(anonymous_0)
FN:8,(anonymous_1)
FN:16,(anonymous_2)
FN:31,(anonymous_3)
FN:55,(anonymous_4)
FN:75,(anonymous_5)
FN:78,(anonymous_6)
FN:79,(anonymous_7)
FN:89,(anonymous_8)
FN:95,(anonymous_9)
FN:114,(anonymous_10)
FN:119,(anonymous_11)
FN:125,(anonymous_12)
FNF:13
FNH:0
FNDA:0,(anonymous_0)
FNDA:0,(anonymous_1)
FNDA:0,(anonymous_2)
FNDA:0,(anonymous_3)
FNDA:0,(anonymous_4)
FNDA:0,(anonymous_5)
FNDA:0,(anonymous_6)
FNDA:0,(anonymous_7)
FNDA:0,(anonymous_8)
FNDA:0,(anonymous_9)
FNDA:0,(anonymous_10)
FNDA:0,(anonymous_11)
FNDA:0,(anonymous_12)
DA:1,1
DA:2,1
DA:4,1
DA:5,0
DA:6,0
DA:7,0
DA:10,0
DA:16,0
DA:17,0
DA:26,0
DA:31,1
DA:32,0
DA:33,0
DA:34,0
DA:35,0
DA:36,0
DA:37,0
DA:38,0
DA:43,0
DA:49,0
DA:55,1
DA:56,0
DA:57,0
DA:58,0
DA:59,0
DA:61,0
DA:68,0
DA:75,1
DA:76,0
DA:79,0
DA:80,0
DA:82,0
DA:89,1
DA:90,0
DA:91,0
DA:96,0
DA:97,0
DA:106,0
DA:114,1
DA:116,0
DA:120,0
DA:125,0
DA:129,1
LF:43
LH:9
BRDA:37,0,0,0
BRDA:37,0,1,0
BRF:2
BRH:0
end_of_record
TN:
SF:controller\categories_controller.js
FN:3,(anonymous_0)
FN:5,(anonymous_1)
FN:11,(anonymous_2)
FN:14,(anonymous_3)
FN:16,(anonymous_4)
FN:22,(anonymous_5)
FN:26,(anonymous_6)
FN:28,(anonymous_7)
FN:34,(anonymous_8)
FN:36,(anonymous_9)
FN:46,(anonymous_10)
FN:48,(anonymous_11)
FN:54,(anonymous_12)
FN:56,(anonymous_13)
FNF:14
FNH:4
FNDA:1,(anonymous_0)
FNDA:1,(anonymous_1)
FNDA:0,(anonymous_2)
FNDA:0,(anonymous_3)
FNDA:0,(anonymous_4)
FNDA:0,(anonymous_5)
FNDA:0,(anonymous_6)
FNDA:0,(anonymous_7)
FNDA:1,(anonymous_8)
FNDA:1,(anonymous_9)
FNDA:0,(anonymous_10)
FNDA:0,(anonymous_11)
FNDA:0,(anonymous_12)
FNDA:0,(anonymous_13)
DA:1,1
DA:3,1
DA:4,1
DA:6,1
DA:11,0
DA:14,1
DA:15,0
DA:17,0
DA:22,0
DA:26,1
DA:27,0
DA:29,0
DA:34,1
DA:35,1
DA:37,1
DA:46,1
DA:47,0
DA:49,0
DA:54,1
DA:55,0
DA:57,0
DA:62,1
LF:22
LH:12
BRF:0
BRH:0
end_of_record
TN:
SF:controller\orders_controller.js
FN:5,(anonymous_0)
FN:7,(anonymous_1)
FN:13,(anonymous_2)
FN:20,(anonymous_3)
FN:24,(anonymous_4)
FN:30,(anonymous_5)
FN:39,(anonymous_6)
FN:43,(anonymous_7)
FN:49,(anonymous_8)
FN:56,(anonymous_9)
FN:57,(anonymous_10)
FN:69,(anonymous_11)
FNF:12
FNH:0
FNDA:0,(anonymous_0)
FNDA:0,(anonymous_1)
FNDA:0,(anonymous_2)
FNDA:0,(anonymous_3)
FNDA:0,(anonymous_4)
FNDA:0,(anonymous_5)
FNDA:0,(anonymous_6)
FNDA:0,(anonymous_7)
FNDA:0,(anonymous_8)
FNDA:0,(anonymous_9)
FNDA:0,(anonymous_10)
FNDA:0,(anonymous_11)
DA:1,1
DA:5,1
DA:6,0
DA:8,0
DA:14,0
DA:20,1
DA:21,0
DA:25,0
DA:31,0
DA:39,1
DA:40,0
DA:43,0
DA:44,0
DA:50,0
DA:56,1
DA:57,0
DA:58,0
DA:59,0
DA:65,0
DA:70,0
DA:76,1
LF:21
LH:6
BRDA:58,0,0,0
BRDA:58,0,1,0
BRF:2
BRH:0
end_of_record
TN:
SF:controller\products_controller.js
FN:4,(anonymous_0)
FN:7,(anonymous_1)
FN:13,(anonymous_2)
FN:16,(anonymous_3)
FN:28,(anonymous_4)
FN:37,(anonymous_5)
FN:39,(anonymous_6)
FN:44,(anonymous_7)
FN:47,(anonymous_8)
FN:57,(anonymous_9)
FN:59,(anonymous_10)
FN:65,(anonymous_11)
FN:67,(anonymous_12)
FN:72,(anonymous_13)
FN:77,(anonymous_14)
FN:85,(anonymous_15)
FNF:16
FNH:4
FNDA:1,(anonymous_0)
FNDA:1,(anonymous_1)
FNDA:0,(anonymous_2)
FNDA:0,(anonymous_3)
FNDA:0,(anonymous_4)
FNDA:0,(anonymous_5)
FNDA:0,(anonymous_6)
FNDA:1,(anonymous_7)
FNDA:1,(anonymous_8)
FNDA:0,(anonymous_9)
FNDA:0,(anonymous_10)
FNDA:0,(anonymous_11)
FNDA:0,(anonymous_12)
FNDA:0,(anonymous_13)
FNDA:0,(anonymous_14)
FNDA:0,(anonymous_15)
DA:1,1
DA:2,1
DA:4,1
DA:5,1
DA:8,1
DA:13,0
DA:16,1
DA:17,0
DA:22,0
DA:23,0
DA:24,0
DA:25,0
DA:28,0
DA:29,0
DA:37,1
DA:38,0
DA:40,0
DA:44,1
DA:45,1
DA:48,1
DA:57,1
DA:58,0
DA:60,0
DA:65,1
DA:66,0
DA:68,0
DA:72,1
DA:73,0
DA:74,0
DA:78,0
DA:86,0
DA:94,1
LF:32
LH:14
BRDA:23,0,0,0
BRDA:23,0,1,0
BRF:2
BRH:0
end_of_record
TN:
SF:controller\users_controller.js
FN:7,(anonymous_0)
FN:10,(anonymous_1)
FN:16,(anonymous_2)
FN:21,(anonymous_3)
FN:23,(anonymous_4)
FN:29,(anonymous_5)
FN:45,(anonymous_6)
FN:57,(anonymous_7)
FN:59,(anonymous_8)
FN:64,(anonymous_9)
FN:67,(anonymous_10)
FN:78,(anonymous_11)
FN:80,(anonymous_12)
FN:84,(anonymous_13)
FN:98,(anonymous_14)
FN:100,(anonymous_15)
FN:110,(anonymous_16)
FN:113,(anonymous_17)
FN:119,(anonymous_18)
FN:134,(anonymous_19)
FNF:20
FNH:8
FNDA:0,(anonymous_0)
FNDA:0,(anonymous_1)
FNDA:0,(anonymous_2)
FNDA:1,(anonymous_3)
FNDA:1,(anonymous_4)
FNDA:1,(anonymous_5)
FNDA:1,(anonymous_6)
FNDA:0,(anonymous_7)
FNDA:0,(anonymous_8)
FNDA:0,(anonymous_9)
FNDA:0,(anonymous_10)
FNDA:0,(anonymous_11)
FNDA:0,(anonymous_12)
FNDA:0,(anonymous_13)
FNDA:0,(anonymous_14)
FNDA:0,(anonymous_15)
FNDA:1,(anonymous_16)
FNDA:1,(anonymous_17)
FNDA:1,(anonymous_18)
FNDA:1,(anonymous_19)
DA:1,1
DA:2,1
DA:3,1
DA:4,1
DA:7,1
DA:8,0
DA:11,0
DA:16,0
DA:21,1
DA:22,1
DA:24,1
DA:25,0
DA:26,0
DA:27,0
DA:29,1
DA:30,1
DA:31,1
DA:38,1
DA:39,1
DA:40,0
DA:41,0
DA:43,1
DA:45,1
DA:46,1
DA:57,1
DA:58,0
DA:60,0
DA:64,1
DA:65,0
DA:68,0
DA:78,1
DA:79,0
DA:80,0
DA:81,0
DA:82,0
DA:83,0
DA:85,0
DA:98,1
DA:99,0
DA:101,0
DA:110,1
DA:111,1
DA:114,1
DA:115,0
DA:116,0
DA:117,0
DA:119,1
DA:120,1
DA:121,1
DA:122,0
DA:123,0
DA:124,0
DA:126,1
DA:133,1
DA:135,1
DA:136,1
DA:149,1
LF:57
LH:31
BRDA:24,0,0,0
BRDA:24,0,1,1
BRDA:30,1,0,0
BRDA:30,1,1,1
BRDA:39,2,0,0
BRDA:39,2,1,1
BRDA:43,3,0,0
BRDA:43,3,1,1
BRDA:79,4,0,0
BRDA:79,4,1,0
BRDA:81,5,0,0
BRDA:81,5,1,0
BRDA:114,6,0,0
BRDA:114,6,1,1
BRDA:120,7,0,0
BRDA:120,7,1,1
BRDA:121,8,0,0
BRDA:121,8,1,1
BRDA:135,9,0,0
BRDA:135,9,1,1
BRF:20
BRH:8
end_of_record
TN:
SF:middleware\auth.js
FN:4,(anonymous_0)
FN:11,(anonymous_1)
FN:18,(anonymous_2)
FN:27,(anonymous_3)
FNF:4
FNH:0
FNDA:0,(anonymous_0)
FNDA:0,(anonymous_1)
FNDA:0,(anonymous_2)
FNDA:0,(anonymous_3)
DA:2,1
DA:4,1
DA:5,0
DA:6,0
DA:7,0
DA:8,0
DA:10,0
DA:11,0
DA:12,0
DA:13,0
DA:14,0
DA:18,1
DA:19,0
DA:20,0
DA:21,0
DA:22,0
DA:24,0
DA:27,1
DA:28,0
DA:29,0
DA:30,0
DA:32,0
DA:35,1
LF:23
LH:5
BRDA:5,0,0,0
BRDA:5,0,1,0
BRDA:12,1,0,0
BRDA:12,1,1,0
BRDA:19,2,0,0
BRDA:19,2,1,0
BRDA:28,3,0,0
BRDA:28,3,1,0
BRF:8
BRH:0
end_of_record
TN:
SF:middleware\upload.js
FN:5,(anonymous_0)
FN:8,(anonymous_1)
FN:14,(anonymous_2)
FNF:3
FNH:0
FNDA:0,(anonymous_0)
FNDA:0,(anonymous_1)
FNDA:0,(anonymous_2)
DA:1,1
DA:2,1
DA:4,1
DA:6,0
DA:9,0
DA:10,0
DA:14,1
DA:15,0
DA:16,0
DA:18,0
DA:20,1
DA:27,1
LF:12
LH:6
BRDA:15,0,0,0
BRDA:15,0,1,0
BRF:2
BRH:0
end_of_record
TN:
SF:middleware\uploaduser.js
FN:12,(anonymous_0)
FN:18,(anonymous_1)
FNF:2
FNH:0
FNDA:0,(anonymous_0)
FNDA:0,(anonymous_1)
DA:1,1
DA:2,1
DA:4,1
DA:11,1
DA:13,0
DA:15,0
DA:16,0
DA:19,0
DA:20,0
DA:24,1
DA:26,1
LF:11
LH:6
BRDA:15,0,0,0
BRDA:15,0,1,0
BRF:2
BRH:0
end_of_record
TN:
SF:models\Address.js
FNF:0
FNH:0
DA:1,1
DA:2,1
DA:4,1
DA:15,1
LF:4
LH:4
BRF:0
BRH:0
end_of_record
TN:
SF:models\Cart.js
FNF:0
FNH:0
DA:1,1
DA:4,1
DA:23,1
LF:3
LH:3
BRF:0
BRH:0
end_of_record
TN:
SF:models\Category.js
FNF:0
FNH:0
DA:1,1
DA:4,1
DA:11,1
LF:3
LH:3
BRF:0
BRH:0
end_of_record
TN:
SF:models\Order.js
FNF:0
FNH:0
DA:1,1
DA:4,1
DA:28,1
LF:3
LH:3
BRF:0
BRH:0
end_of_record
TN:
SF:models\Product.js
FNF:0
FNH:0
DA:1,1
DA:2,1
DA:3,1
DA:5,1
DA:27,1
LF:5
LH:5
BRF:0
BRH:0
end_of_record
TN:
SF:models\User.js
FNF:0
FNH:0
DA:1,1
DA:3,1
DA:43,1
LF:3
LH:3
BRF:0
BRH:0
end_of_record
TN:
SF:routes\address_routes.js
FNF:0
FNH:0
DA:1,1
DA:2,1
DA:3,1
DA:5,1
DA:6,1
DA:9,1
DA:14,1
LF:7
LH:7
BRF:0
BRH:0
end_of_record
TN:
SF:routes\cart_routes.js
FNF:0
FNH:0
DA:1,1
DA:2,1
DA:3,1
DA:5,1
DA:7,1
DA:10,1
DA:14,1
DA:19,1
LF:8
LH:8
BRF:0
BRH:0
end_of_record
TN:
SF:routes\category_routes.js
FN:11,(anonymous_0)
FN:19,(anonymous_1)
FNF:2
FNH:0
FNDA:0,(anonymous_0)
FNDA:0,(anonymous_1)
DA:1,1
DA:2,1
DA:3,1
DA:4,1
DA:7,1
DA:12,0
DA:17,1
DA:20,0
DA:26,1
LF:9
LH:7
BRF:0
BRH:0
end_of_record
TN:
SF:routes\order_routes.js
FNF:0
FNH:0
DA:1,1
DA:2,1
DA:3,1
DA:5,1
DA:7,1
DA:11,1
DA:15,1
LF:7
LH:7
BRF:0
BRH:0
end_of_record
TN:
SF:routes\product_routes.js
FN:12,(anonymous_0)
FN:19,(anonymous_1)
FNF:2
FNH:0
FNDA:0,(anonymous_0)
FNDA:0,(anonymous_1)
DA:1,1
DA:2,1
DA:3,1
DA:4,1
DA:5,1
DA:7,1
DA:8,1
DA:13,0
DA:17,1
DA:20,0
DA:25,1
LF:11
LH:9
BRF:0
BRH:0
end_of_record
TN:
SF:routes\user_routes.js
FN:20,(anonymous_0)
FN:27,(anonymous_1)
FNF:2
FNH:0
FNDA:0,(anonymous_0)
FNDA:0,(anonymous_1)
DA:1,1
DA:2,1
DA:3,1
DA:4,1
DA:5,1
DA:7,1
DA:10,1
DA:13,1
DA:17,1
DA:21,0
DA:25,1
DA:28,0
DA:33,1
LF:13
LH:11
BRF:0
BRH:0
end_of_record
